[I 2025-08-09 23:38:07,154] Trial 16 finished with value: 0.8457278162494088 and parameters: {'n_estimators': 1500, 'learning_rate': 0.049005321630862096, 'num_leaves': 172, 'max_depth': 3, 'min_child_samples': 35, 'feature_fraction': 0.607978830801696, 'bagging_fraction': 0.7943855055098449, 'bagging_freq': 7, 'lambda_l1': 0.004108993684315785, 'lambda_l2': 4.2095299150922807e-07}. Best is trial 14 with value: 0.8456614235569198.
[I 2025-08-09 23:38:22,263] Trial 17 finished with value: 0.8465541772928532 and parameters: {'n_estimators': 1500, 'learning_rate': 0.0957506181423941, 'num_leaves': 165, 'max_depth': 3, 'min_child_samples': 41, 'feature_fraction': 0.6155466805193612, 'bagging_fraction': 0.8507816479936231, 'bagging_freq': 6, 'lambda_l1': 0.012500686815499045, 'lambda_l2': 3.678942783398818e-07}. Best is trial 14 with value: 0.8456614235569198.
[I 2025-08-09 23:39:03,925] Trial 18 finished with value: 0.8457692640395873 and parameters: {'n_estimators': 500, 'learning_rate': 0.039170850114695246, 'num_leaves': 209, 'max_depth': 5, 'min_child_samples': 70, 'feature_fraction': 0.7021381432367169, 'bagging_fraction': 0.7175352008589722, 'bagging_freq': 5, 'lambda_l1': 0.016066380723200196, 'lambda_l2': 0.00015612758462906124}. Best is trial 14 with value: 0.8456614235569198.
[I 2025-08-09 23:39:26,896] Trial 19 finished with value: 0.84785204628346 and parameters: {'n_estimators': 1600, 'learning_rate': 0.05721472806503959, 'num_leaves': 157, 'max_depth': 5, 'min_child_samples': 24, 'feature_fraction': 0.6374244684649513, 'bagging_fraction': 0.7565151933509662, 'bagging_freq': 6, 'lambda_l1': 0.00046322614392988164, 'lambda_l2': 9.96004295352532e-07}. Best is trial 14 with value: 0.8456614235569198.
[I 2025-08-09 23:40:07,318] Trial 20 finished with value: 0.8462421746074291 and parameters: {'n_estimators': 2300, 'learning_rate': 0.03369161901897378, 'num_leaves': 190, 'max_depth': 4, 'min_child_samples': 43, 'feature_fraction': 0.7830923884176609, 'bagging_fraction': 0.8246162531654916, 'bagging_freq': 7, 'lambda_l1': 0.015617236261173043, 'lambda_l2': 8.762377746441626e-08}. Best is trial 14 with value: 0.8456614235569198.
[I 2025-08-09 23:40:39,404] Trial 21 finished with value: 0.8457658646696335 and parameters: {'n_estimators': 400, 'learning_rate': 0.036402467806618, 'num_leaves': 211, 'max_depth': 5, 'min_child_samples': 69, 'feature_fraction': 0.6891888141144458, 'bagging_fraction': 0.718453958554958, 'bagging_freq': 5, 'lambda_l1': 0.009371244975417524, 'lambda_l2': 0.00018647438048489346}. Best is trial 14 with value: 0.8456614235569198.
[I 2025-08-09 23:41:30,018] Trial 22 finished with value: 0.8452428890617536 and parameters: {'n_estimators': 700, 'learning_rate': 0.02973272010807008, 'num_leaves': 220, 'max_depth': 4, 'min_child_samples': 65, 'feature_fraction': 0.6043276023665759, 'bagging_fraction': 0.7504002710071848, 'bagging_freq': 6, 'lambda_l1': 0.0024154015993141996, 'lambda_l2': 0.0014029307411282236}. Best is trial 22 with value: 0.8452428890617536.
[I 2025-08-09 23:42:01,896] Trial 23 finished with value: 0.8468089712088128 and parameters: {'n_estimators': 800, 'learning_rate': 0.028611607271812094, 'num_leaves': 228, 'max_depth': 3, 'min_child_samples': 6, 'feature_fraction': 0.6041501474589692, 'bagging_fraction': 0.763278961102596, 'bagging_freq': 7, 'lambda_l1': 0.0013007240312865973, 'lambda_l2': 0.003069670503974646}. Best is trial 22 with value: 0.8452428890617536.
[I 2025-08-09 23:43:26,753] Trial 24 finished with value: 0.8470916073153434 and parameters: {'n_estimators': 1200, 'learning_rate': 0.016502265641988784, 'num_leaves': 180, 'max_depth': 4, 'min_child_samples': 29, 'feature_fraction': 0.6382446061601932, 'bagging_fraction': 0.8970264749692561, 'bagging_freq': 6, 'lambda_l1': 0.0001384002043225682, 'lambda_l2': 0.07924846897819855}. Best is trial 22 with value: 0.8452428890617536.
[I 2025-08-09 23:44:06,883] Trial 25 finished with value: 0.8479445088993801 and parameters: {'n_estimators': 700, 'learning_rate': 0.11059221135293795, 'num_leaves': 143, 'max_depth': 6, 'min_child_samples': 48, 'feature_fraction': 0.6620946960355324, 'bagging_fraction': 0.8200742186560734, 'bagging_freq': 7, 'lambda_l1': 0.003027784723642634, 'lambda_l2': 0.0007639673123410901}. Best is trial 22 with value: 0.8452428890617536.
[I 2025-08-09 23:44:40,828] Trial 26 finished with value: 0.8455601180446253 and parameters: {'n_estimators': 1700, 'learning_rate': 0.05901116357165178, 'num_leaves': 226, 'max_depth': 4, 'min_child_samples': 66, 'feature_fraction': 0.6009613175477982, 'bagging_fraction': 0.6795867358233956, 'bagging_freq': 6, 'lambda_l1': 0.07724087958553892, 'lambda_l2': 3.6814057993984894}. Best is trial 22 with value: 0.8452428890617536.
[I 2025-08-09 23:45:05,768] Trial 27 finished with value: 0.8457931919630928 and parameters: {'n_estimators': 1700, 'learning_rate': 0.062173374912448995, 'num_leaves': 229, 'max_depth': 4, 'min_child_samples': 65, 'feature_fraction': 0.6350490216321099, 'bagging_fraction': 0.6791271335877568, 'bagging_freq': 6, 'lambda_l1': 0.054958736186203574, 'lambda_l2': 4.765686596678175}. Best is trial 22 with value: 0.8452428890617536.
[I 2025-08-09 23:46:12,047] Trial 28 finished with value: 0.8461437161791328 and parameters: {'n_estimators': 2200, 'learning_rate': 0.028512033896324226, 'num_leaves': 232, 'max_depth': 6, 'min_child_samples': 97, 'feature_fraction': 0.888086406696316, 'bagging_fraction': 0.6821301088555249, 'bagging_freq': 3, 'lambda_l1': 7.069550433246614, 'lambda_l2': 0.1869916894596944}. Best is trial 22 with value: 0.8452428890617536.
[I 2025-08-09 23:48:20,902] Trial 29 finished with value: 0.8455276828845047 and parameters: {'n_estimators': 600, 'learning_rate': 0.019366022562928874, 'num_leaves': 196, 'max_depth': 6, 'min_child_samples': 77, 'feature_fraction': 0.6807598248766642, 'bagging_fraction': 0.7581283694228459, 'bagging_freq': 5, 'lambda_l1': 0.08661019902290894, 'lambda_l2': 0.020292125444616893}. Best is trial 22 with value: 0.8452428890617536.
C:\Users\sduser\Downloads\GBM\gbm_dc_ev_model.py:1841: FutureWarning: 

Passing `palette` without assigning `hue` is deprecated and will be removed in v0.14.0. Assign the `y` variable to `hue` and set `legend=False` for the same effect.

  sns.barplot(x='importance', y='feature', data=importance_df.head(num_to_plot), palette="viridis")
C:\Users\sduser\Downloads\GBM\gbm_dc_ev_model.py:1841: FutureWarning: 

Passing `palette` without assigning `hue` is deprecated and will be removed in v0.14.0. Assign the `y` variable to `hue` and set `legend=False` for the same effect.

  sns.barplot(x='importance', y='feature', data=importance_df.head(num_to_plot), palette="viridis")
C:\Users\sduser\Downloads\GBM\gbm_dc_ev_model.py:2282: PerformanceWarning: DataFrame is highly fragmented.  This is usually the result of calling `frame.insert` many times, which has poor performance.  Consider joining all columns at once using pd.concat(axis=1) instead. To get a de-fragmented frame, use `newframe = frame.copy()`
  test_matches_df[col_push] = temp_outcomes_df['push']
C:\Users\sduser\Downloads\GBM\gbm_dc_ev_model.py:2283: PerformanceWarning: DataFrame is highly fragmented.  This is usually the result of calling `frame.insert` many times, which has poor performance.  Consider joining all columns at once using pd.concat(axis=1) instead. To get a de-fragmented frame, use `newframe = frame.copy()`
  test_matches_df[col_half_win] = temp_outcomes_df['half_win']
C:\Users\sduser\Downloads\GBM\gbm_dc_ev_model.py:2284: PerformanceWarning: DataFrame is highly fragmented.  This is usually the result of calling `frame.insert` many times, which has poor performance.  Consider joining all columns at once using pd.concat(axis=1) instead. To get a de-fragmented frame, use `newframe = frame.copy()`
  test_matches_df[col_half_loss] = temp_outcomes_df['half_loss']
C:\Users\sduser\Downloads\GBM\gbm_dc_ev_model.py:2290: PerformanceWarning: DataFrame is highly fragmented.  This is usually the result of calling `frame.insert` many times, which has poor performance.  Consider joining all columns at once using pd.concat(axis=1) instead. To get a de-fragmented frame, use `newframe = frame.copy()`
  test_matches_df[col_name_p_home_covers] = temp_outcomes_df['win'] + \
C:\Users\sduser\Downloads\GBM\gbm_dc_ev_model.py:2299: PerformanceWarning: DataFrame is highly fragmented.  This is usually the result of calling `frame.insert` many times, which has poor performance.  Consider joining all columns at once using pd.concat(axis=1) instead. To get a de-fragmented frame, use `newframe = frame.copy()`
  test_matches_df[col_name_p_away_covers] = temp_outcomes_df['loss'] + \
C:\Users\sduser\Downloads\GBM\gbm_dc_ev_model.py:2433: PerformanceWarning: DataFrame is highly fragmented.  This is usually the result of calling `frame.insert` many times, which has poor performance.  Consider joining all columns at once using pd.concat(axis=1) instead. To get a de-fragmented frame, use `newframe = frame.copy()`
  test_matches_df['market_lambda_h'] = market_implied_lambda_h_list
C:\Users\sduser\Downloads\GBM\gbm_dc_ev_model.py:2434: PerformanceWarning: DataFrame is highly fragmented.  This is usually the result of calling `frame.insert` many times, which has poor performance.  Consider joining all columns at once using pd.concat(axis=1) instead. To get a de-fragmented frame, use `newframe = frame.copy()`
  test_matches_df['market_lambda_a'] = market_implied_lambda_a_list
C:\Users\sduser\Downloads\GBM\gbm_dc_ev_model.py:2438: PerformanceWarning: DataFrame is highly fragmented.  This is usually the result of calling `frame.insert` many times, which has poor performance.  Consider joining all columns at once using pd.concat(axis=1) instead. To get a de-fragmented frame, use `newframe = frame.copy()`
  test_matches_df['market_pred_goal_diff'] = test_matches_df['market_lambda_h'] - test_matches_df['market_lambda_a']
C:\Users\sduser\Downloads\GBM\gbm_dc_ev_model.py:2461: PerformanceWarning: DataFrame is highly fragmented.  This is usually the result of calling `frame.insert` many times, which has poor performance.  Consider joining all columns at once using pd.concat(axis=1) instead. To get a de-fragmented frame, use `newframe = frame.copy()`
  test_matches_df['synth_ah_line_home_market_based'] = test_matches_df['market_pred_goal_diff'].apply(get_closest_ah_line)
C:\Users\sduser\Downloads\GBM\gbm_dc_ev_model.py:2467: PerformanceWarning: DataFrame is highly fragmented.  This is usually the result of calling `frame.insert` many times, which has poor performance.  Consider joining all columns at once using pd.concat(axis=1) instead. To get a de-fragmented frame, use `newframe = frame.copy()`
  test_matches_df['synth_ah_odds_home_market_based'] = np.where(pd.notna(test_matches_df['synth_ah_line_home_market_based']),
C:\Users\sduser\Downloads\GBM\gbm_dc_ev_model.py:2469: PerformanceWarning: DataFrame is highly fragmented.  This is usually the result of calling `frame.insert` many times, which has poor performance.  Consider joining all columns at once using pd.concat(axis=1) instead. To get a de-fragmented frame, use `newframe = frame.copy()`
  test_matches_df['synth_ah_odds_away_market_based'] = np.where(pd.notna(test_matches_df['synth_ah_line_home_market_based']),
C:\Users\sduser\Downloads\GBM\gbm_dc_ev_model.py:2575: PerformanceWarning: DataFrame is highly fragmented.  This is usually the result of calling `frame.insert` many times, which has poor performance.  Consider joining all columns at once using pd.concat(axis=1) instead. To get a de-fragmented frame, use `newframe = frame.copy()`
  test_matches_df['ev_synth_home_ah'] = ev_home_ah_list
C:\Users\sduser\Downloads\GBM\gbm_dc_ev_model.py:2576: PerformanceWarning: DataFrame is highly fragmented.  This is usually the result of calling `frame.insert` many times, which has poor performance.  Consider joining all columns at once using pd.concat(axis=1) instead. To get a de-fragmented frame, use `newframe = frame.copy()`
  test_matches_df['ev_synth_away_ah'] = ev_away_ah_list
Traceback (most recent call last):
  File "C:\Users\sduser\Downloads\GBM\gbm_dc_ev_model.py", line 3712, in <module>
    
  File "C:\Python312\Lib\encodings\cp1252.py", line 19, in encode
    return codecs.charmap_encode(input,self.errors,encoding_table)[0]
           ^^^^^^^^^^^^^^^^^^^^^^^^^^^^^^^^^^^^^^^^^^^^^^^^^^^^^^^
UnicodeEncodeError: 'charmap' codec can't encode character '\u0148' in position 1659: character maps to <undefined>
